<?xml version="1.0" encoding="UTF-8"?>
<testsuite xmlns:xsi="http://www.w3.org/2001/XMLSchema-instance" xsi:noNamespaceSchemaLocation="https://maven.apache.org/surefire/maven-surefire-plugin/xsd/surefire-test-report.xsd" version="3.0.2" name="TestSuite" time="24.595" tests="1" errors="0" skipped="0" failures="0">
  <properties>
    <property name="sun.desktop" value="windows"/>
    <property name="awt.toolkit" value="sun.awt.windows.WToolkit"/>
    <property name="file.encoding.pkg" value="sun.io"/>
    <property name="java.specification.version" value="1.8"/>
    <property name="webdriver.chrome.driver" value="C:\Users\bhadaurs\.cache\selenium\chromedriver\win64\140.0.7339.207\chromedriver.exe"/>
    <property name="sun.cpu.isalist" value="amd64"/>
    <property name="sun.jnu.encoding" value="Cp1252"/>
    <property name="java.class.path" value="C:\Users\bhadaurs\AforDemo1\target\test-classes;C:\Users\bhadaurs\AforDemo1\target\classes;C:\Users\bhadaurs\.m2\repository\org\seleniumhq\selenium\selenium-java\3.141.59\selenium-java-3.141.59.jar;C:\Users\bhadaurs\.m2\repository\org\seleniumhq\selenium\selenium-api\3.141.59\selenium-api-3.141.59.jar;C:\Users\bhadaurs\.m2\repository\org\seleniumhq\selenium\selenium-chrome-driver\3.141.59\selenium-chrome-driver-3.141.59.jar;C:\Users\bhadaurs\.m2\repository\org\seleniumhq\selenium\selenium-edge-driver\3.141.59\selenium-edge-driver-3.141.59.jar;C:\Users\bhadaurs\.m2\repository\org\seleniumhq\selenium\selenium-firefox-driver\3.141.59\selenium-firefox-driver-3.141.59.jar;C:\Users\bhadaurs\.m2\repository\org\seleniumhq\selenium\selenium-ie-driver\3.141.59\selenium-ie-driver-3.141.59.jar;C:\Users\bhadaurs\.m2\repository\org\seleniumhq\selenium\selenium-opera-driver\3.141.59\selenium-opera-driver-3.141.59.jar;C:\Users\bhadaurs\.m2\repository\org\seleniumhq\selenium\selenium-remote-driver\3.141.59\selenium-remote-driver-3.141.59.jar;C:\Users\bhadaurs\.m2\repository\org\seleniumhq\selenium\selenium-safari-driver\3.141.59\selenium-safari-driver-3.141.59.jar;C:\Users\bhadaurs\.m2\repository\org\seleniumhq\selenium\selenium-support\3.141.59\selenium-support-3.141.59.jar;C:\Users\bhadaurs\.m2\repository\net\bytebuddy\byte-buddy\1.8.15\byte-buddy-1.8.15.jar;C:\Users\bhadaurs\.m2\repository\org\apache\commons\commons-exec\1.3\commons-exec-1.3.jar;C:\Users\bhadaurs\.m2\repository\com\google\guava\guava\25.0-jre\guava-25.0-jre.jar;C:\Users\bhadaurs\.m2\repository\com\google\code\findbugs\jsr305\1.3.9\jsr305-1.3.9.jar;C:\Users\bhadaurs\.m2\repository\org\checkerframework\checker-compat-qual\2.0.0\checker-compat-qual-2.0.0.jar;C:\Users\bhadaurs\.m2\repository\com\google\errorprone\error_prone_annotations\2.1.3\error_prone_annotations-2.1.3.jar;C:\Users\bhadaurs\.m2\repository\com\google\j2objc\j2objc-annotations\1.1\j2objc-annotations-1.1.jar;C:\Users\bhadaurs\.m2\repository\org\codehaus\mojo\animal-sniffer-annotations\1.14\animal-sniffer-annotations-1.14.jar;C:\Users\bhadaurs\.m2\repository\com\squareup\okhttp3\okhttp\3.11.0\okhttp-3.11.0.jar;C:\Users\bhadaurs\.m2\repository\com\squareup\okio\okio\1.14.0\okio-1.14.0.jar;C:\Users\bhadaurs\.m2\repository\org\testng\testng\6.14.3\testng-6.14.3.jar;C:\Users\bhadaurs\.m2\repository\com\beust\jcommander\1.72\jcommander-1.72.jar;C:\Users\bhadaurs\.m2\repository\org\apache-extras\beanshell\bsh\2.0b6\bsh-2.0b6.jar;C:\Users\bhadaurs\.m2\repository\io\github\bonigarcia\webdrivermanager\4.4.3\webdrivermanager-4.4.3.jar;C:\Users\bhadaurs\.m2\repository\org\slf4j\slf4j-api\1.7.30\slf4j-api-1.7.30.jar;C:\Users\bhadaurs\.m2\repository\commons-io\commons-io\2.8.0\commons-io-2.8.0.jar;C:\Users\bhadaurs\.m2\repository\com\google\code\gson\gson\2.8.6\gson-2.8.6.jar;C:\Users\bhadaurs\.m2\repository\org\apache\commons\commons-lang3\3.12.0\commons-lang3-3.12.0.jar;C:\Users\bhadaurs\.m2\repository\org\apache\httpcomponents\client5\httpclient5\5.0.3\httpclient5-5.0.3.jar;C:\Users\bhadaurs\.m2\repository\org\apache\httpcomponents\core5\httpcore5\5.0.2\httpcore5-5.0.2.jar;C:\Users\bhadaurs\.m2\repository\org\apache\httpcomponents\core5\httpcore5-h2\5.0.2\httpcore5-h2-5.0.2.jar;C:\Users\bhadaurs\.m2\repository\commons-codec\commons-codec\1.13\commons-codec-1.13.jar;C:\Users\bhadaurs\.m2\repository\org\rauschig\jarchivelib\1.1.0\jarchivelib-1.1.0.jar;C:\Users\bhadaurs\.m2\repository\org\apache\commons\commons-compress\1.20\commons-compress-1.20.jar;C:\Users\bhadaurs\.m2\repository\org\jsoup\jsoup\1.13.1\jsoup-1.13.1.jar;"/>
    <property name="java.vm.vendor" value="Red Hat, Inc."/>
    <property name="sun.arch.data.model" value="64"/>
    <property name="user.variant" value=""/>
    <property name="java.vendor.url" value="https://access.redhat.com/"/>
    <property name="user.timezone" value="Pacific/Auckland"/>
    <property name="java.vm.specification.version" value="1.8"/>
    <property name="os.name" value="Windows 10"/>
    <property name="user.country" value="NZ"/>
    <property name="sun.java.launcher" value="SUN_STANDARD"/>
    <property name="sun.boot.library.path" value="C:\Users\bhadaurs\OneDrive - Genesis Energy Limited\Documents\Learning\java-1.8.0-openjdk\jre\bin"/>
    <property name="sun.java.command" value="C:\Users\bhadaurs\AppData\Local\Temp\surefire5789740249647854670\surefirebooter-20250925140006747_3.jar C:\Users\bhadaurs\AppData\Local\Temp\surefire5789740249647854670 2025-09-25T14-00-06_159-jvmRun1 surefire-20250925140006747_1tmp surefire_0-20250925140006747_2tmp"/>
    <property name="surefire.test.class.path" value="C:\Users\bhadaurs\AforDemo1\target\test-classes;C:\Users\bhadaurs\AforDemo1\target\classes;C:\Users\bhadaurs\.m2\repository\org\seleniumhq\selenium\selenium-java\3.141.59\selenium-java-3.141.59.jar;C:\Users\bhadaurs\.m2\repository\org\seleniumhq\selenium\selenium-api\3.141.59\selenium-api-3.141.59.jar;C:\Users\bhadaurs\.m2\repository\org\seleniumhq\selenium\selenium-chrome-driver\3.141.59\selenium-chrome-driver-3.141.59.jar;C:\Users\bhadaurs\.m2\repository\org\seleniumhq\selenium\selenium-edge-driver\3.141.59\selenium-edge-driver-3.141.59.jar;C:\Users\bhadaurs\.m2\repository\org\seleniumhq\selenium\selenium-firefox-driver\3.141.59\selenium-firefox-driver-3.141.59.jar;C:\Users\bhadaurs\.m2\repository\org\seleniumhq\selenium\selenium-ie-driver\3.141.59\selenium-ie-driver-3.141.59.jar;C:\Users\bhadaurs\.m2\repository\org\seleniumhq\selenium\selenium-opera-driver\3.141.59\selenium-opera-driver-3.141.59.jar;C:\Users\bhadaurs\.m2\repository\org\seleniumhq\selenium\selenium-remote-driver\3.141.59\selenium-remote-driver-3.141.59.jar;C:\Users\bhadaurs\.m2\repository\org\seleniumhq\selenium\selenium-safari-driver\3.141.59\selenium-safari-driver-3.141.59.jar;C:\Users\bhadaurs\.m2\repository\org\seleniumhq\selenium\selenium-support\3.141.59\selenium-support-3.141.59.jar;C:\Users\bhadaurs\.m2\repository\net\bytebuddy\byte-buddy\1.8.15\byte-buddy-1.8.15.jar;C:\Users\bhadaurs\.m2\repository\org\apache\commons\commons-exec\1.3\commons-exec-1.3.jar;C:\Users\bhadaurs\.m2\repository\com\google\guava\guava\25.0-jre\guava-25.0-jre.jar;C:\Users\bhadaurs\.m2\repository\com\google\code\findbugs\jsr305\1.3.9\jsr305-1.3.9.jar;C:\Users\bhadaurs\.m2\repository\org\checkerframework\checker-compat-qual\2.0.0\checker-compat-qual-2.0.0.jar;C:\Users\bhadaurs\.m2\repository\com\google\errorprone\error_prone_annotations\2.1.3\error_prone_annotations-2.1.3.jar;C:\Users\bhadaurs\.m2\repository\com\google\j2objc\j2objc-annotations\1.1\j2objc-annotations-1.1.jar;C:\Users\bhadaurs\.m2\repository\org\codehaus\mojo\animal-sniffer-annotations\1.14\animal-sniffer-annotations-1.14.jar;C:\Users\bhadaurs\.m2\repository\com\squareup\okhttp3\okhttp\3.11.0\okhttp-3.11.0.jar;C:\Users\bhadaurs\.m2\repository\com\squareup\okio\okio\1.14.0\okio-1.14.0.jar;C:\Users\bhadaurs\.m2\repository\org\testng\testng\6.14.3\testng-6.14.3.jar;C:\Users\bhadaurs\.m2\repository\com\beust\jcommander\1.72\jcommander-1.72.jar;C:\Users\bhadaurs\.m2\repository\org\apache-extras\beanshell\bsh\2.0b6\bsh-2.0b6.jar;C:\Users\bhadaurs\.m2\repository\io\github\bonigarcia\webdrivermanager\4.4.3\webdrivermanager-4.4.3.jar;C:\Users\bhadaurs\.m2\repository\org\slf4j\slf4j-api\1.7.30\slf4j-api-1.7.30.jar;C:\Users\bhadaurs\.m2\repository\commons-io\commons-io\2.8.0\commons-io-2.8.0.jar;C:\Users\bhadaurs\.m2\repository\com\google\code\gson\gson\2.8.6\gson-2.8.6.jar;C:\Users\bhadaurs\.m2\repository\org\apache\commons\commons-lang3\3.12.0\commons-lang3-3.12.0.jar;C:\Users\bhadaurs\.m2\repository\org\apache\httpcomponents\client5\httpclient5\5.0.3\httpclient5-5.0.3.jar;C:\Users\bhadaurs\.m2\repository\org\apache\httpcomponents\core5\httpcore5\5.0.2\httpcore5-5.0.2.jar;C:\Users\bhadaurs\.m2\repository\org\apache\httpcomponents\core5\httpcore5-h2\5.0.2\httpcore5-h2-5.0.2.jar;C:\Users\bhadaurs\.m2\repository\commons-codec\commons-codec\1.13\commons-codec-1.13.jar;C:\Users\bhadaurs\.m2\repository\org\rauschig\jarchivelib\1.1.0\jarchivelib-1.1.0.jar;C:\Users\bhadaurs\.m2\repository\org\apache\commons\commons-compress\1.20\commons-compress-1.20.jar;C:\Users\bhadaurs\.m2\repository\org\jsoup\jsoup\1.13.1\jsoup-1.13.1.jar;"/>
    <property name="sun.cpu.endian" value="little"/>
    <property name="user.home" value="C:\Users\bhadaurs"/>
    <property name="user.language" value="en"/>
    <property name="java.specification.vendor" value="Oracle Corporation"/>
    <property name="java.home" value="C:\Users\bhadaurs\OneDrive - Genesis Energy Limited\Documents\Learning\java-1.8.0-openjdk\jre"/>
    <property name="basedir" value="C:\Users\bhadaurs\AforDemo1"/>
    <property name="file.separator" value="\"/>
    <property name="line.separator" value="&#10;"/>
    <property name="java.vm.specification.vendor" value="Oracle Corporation"/>
    <property name="java.specification.name" value="Java Platform API Specification"/>
    <property name="java.awt.graphicsenv" value="sun.awt.Win32GraphicsEnvironment"/>
    <property name="surefire.real.class.path" value="C:\Users\bhadaurs\AppData\Local\Temp\surefire5789740249647854670\surefirebooter-20250925140006747_3.jar"/>
    <property name="sun.boot.class.path" value="C:\Users\bhadaurs\OneDrive - Genesis Energy Limited\Documents\Learning\java-1.8.0-openjdk\jre\lib\resources.jar;C:\Users\bhadaurs\OneDrive - Genesis Energy Limited\Documents\Learning\java-1.8.0-openjdk\jre\lib\rt.jar;C:\Users\bhadaurs\OneDrive - Genesis Energy Limited\Documents\Learning\java-1.8.0-openjdk\jre\lib\sunrsasign.jar;C:\Users\bhadaurs\OneDrive - Genesis Energy Limited\Documents\Learning\java-1.8.0-openjdk\jre\lib\jsse.jar;C:\Users\bhadaurs\OneDrive - Genesis Energy Limited\Documents\Learning\java-1.8.0-openjdk\jre\lib\jce.jar;C:\Users\bhadaurs\OneDrive - Genesis Energy Limited\Documents\Learning\java-1.8.0-openjdk\jre\lib\charsets.jar;C:\Users\bhadaurs\OneDrive - Genesis Energy Limited\Documents\Learning\java-1.8.0-openjdk\jre\lib\jfr.jar;C:\Users\bhadaurs\OneDrive - Genesis Energy Limited\Documents\Learning\java-1.8.0-openjdk\jre\classes"/>
    <property name="user.script" value=""/>
    <property name="sun.management.compiler" value="HotSpot 64-Bit Tiered Compilers"/>
    <property name="java.runtime.version" value="1.8.0_392-b08"/>
    <property name="user.name" value="bhadaurs"/>
    <property name="path.separator" value=";"/>
    <property name="os.version" value="10.0"/>
    <property name="java.endorsed.dirs" value="C:\Users\bhadaurs\OneDrive - Genesis Energy Limited\Documents\Learning\java-1.8.0-openjdk\jre\lib\endorsed"/>
    <property name="java.runtime.name" value="OpenJDK Runtime Environment"/>
    <property name="file.encoding" value="Cp1252"/>
    <property name="java.vm.name" value="OpenJDK 64-Bit Server VM"/>
    <property name="localRepository" value="C:\Users\bhadaurs\.m2\repository"/>
    <property name="java.vendor.url.bug" value="https://bugzilla.redhat.com/enter_bug.cgi"/>
    <property name="java.io.tmpdir" value="C:\Users\bhadaurs\AppData\Local\Temp\"/>
    <property name="java.version" value="1.8.0_392"/>
    <property name="user.dir" value="C:\Users\bhadaurs\AforDemo1"/>
    <property name="os.arch" value="amd64"/>
    <property name="java.vm.specification.name" value="Java Virtual Machine Specification"/>
    <property name="java.awt.printerjob" value="sun.awt.windows.WPrinterJob"/>
    <property name="sun.os.patch.level" value=""/>
    <property name="java.library.path" value="C:\Users\bhadaurs\OneDrive - Genesis Energy Limited\Documents\Learning\java-1.8.0-openjdk\jre\bin;C:\WINDOWS\Sun\Java\bin;C:\WINDOWS\system32;C:\WINDOWS;C:\Python313\Scripts\;C:\Python313\;C:\oracle\product\11.2.0\client_64\bin;C:\oracle\product\11.2.0\client_32\bin;C:\WINDOWS\system32;C:\WINDOWS;C:\WINDOWS\System32\Wbem;C:\WINDOWS\System32\WindowsPowerShell\v1.0\;C:\WINDOWS\System32\OpenSSH\;C:\Program Files\dotnet\;C:\Program Files (x86)\Microsoft SQL Server\150\DTS\Binn\;C:\Program Files\Azure Data Studio\bin;C:\Program Files\nodejs\;C:\ProgramData\chocolatey\bin;C:\apache-maven-3.9.11\bin;C:\Users\bhadaurs\OneDrive - Genesis Energy Limited\Documents\Learning\java-1.8.0-openjdk\bin;C:\Users\bhadaurs\AppData\Local\Programs\Python\Python312\Scripts\;C:\Users\bhadaurs\AppData\Local\Programs\Python\Python312\;C:\Users\bhadaurs\AppData\Local\Microsoft\WindowsApps;C:\Users\bhadaurs\AppData\Local\Programs\Microsoft VS Code\bin;C:\Users\bhadaurs\AppData\Local\Programs\Git\cmd;C:\Users\bhadaurs\.lmstudio\bin;C:\Users\bhadaurs\AppData\Roaming\npm;C:\Users\bhadaurs\AppData\Local\Programs\Kiro\bin;c:\Users\bhadaurs\AppData\Roaming\Code\User\globalStorage\github.copilot-chat\debugCommand;."/>
    <property name="java.vm.info" value="mixed mode"/>
    <property name="java.vendor" value="Red Hat, Inc."/>
    <property name="java.vm.version" value="25.392-b08"/>
    <property name="java.specification.maintenance.version" value="5"/>
    <property name="java.ext.dirs" value="C:\Users\bhadaurs\OneDrive - Genesis Energy Limited\Documents\Learning\java-1.8.0-openjdk\jre\lib\ext;C:\WINDOWS\Sun\Java\lib\ext"/>
    <property name="sun.io.unicode.encoding" value="UnicodeLittle"/>
    <property name="java.class.version" value="52.0"/>
  </properties>
  <testcase name="checkBrokenLinks" classname="tests.BrokenLinksTest" time="20.221">
    <system-out><![CDATA[[TestNGContentHandler] [WARN] It is strongly recommended to add "<!DOCTYPE suite SYSTEM "http://testng.org/testng-1.0.dtd" >" at the top of your file, otherwise TestNG may fail or not work as expected.
Total links found: 66
✅ Working Link: https://www.afor.co.nz/cart
✅ Working Link: https://www.afor.co.nz/#page
✅ Working Link: https://www.afor.co.nz/
✅ Working Link: https://www.afor.co.nz/
✅ Working Link: https://www.afor.co.nz/services
✅ Working Link: https://www.afor.co.nz/all-services
✅ Working Link: https://www.afor.co.nz/ai-enhanced-test-automation
✅ Working Link: https://www.afor.co.nz/test-management-release-engineering
✅ Working Link: https://www.afor.co.nz/devops-platform-engineering
✅ Working Link: https://www.afor.co.nz/performance-load-testing
✅ Working Link: https://www.afor.co.nz/blog
✅ Working Link: https://www.afor.co.nz/case-studies
✅ Working Link: https://www.afor.co.nz/framework
✅ Working Link: https://www.afor.co.nz/automation-roi
✅ Working Link: https://www.afor.co.nz/sustainability
✅ Working Link: https://www.afor.co.nz/about-us
✅ Working Link: https://www.afor.co.nz/contact-us
✅ Working Link: https://www.afor.co.nz/
✅ Working Link: https://www.afor.co.nz/
✅ Working Link: https://www.afor.co.nz/services
✅ Working Link: https://www.afor.co.nz/all-services
✅ Working Link: https://www.afor.co.nz/ai-enhanced-test-automation
✅ Working Link: https://www.afor.co.nz/test-management-release-engineering
✅ Working Link: https://www.afor.co.nz/devops-platform-engineering
✅ Working Link: https://www.afor.co.nz/performance-load-testing
✅ Working Link: https://www.afor.co.nz/blog
✅ Working Link: https://www.afor.co.nz/case-studies
✅ Working Link: https://www.afor.co.nz/framework
✅ Working Link: https://www.afor.co.nz/automation-roi
✅ Working Link: https://www.afor.co.nz/sustainability
✅ Working Link: https://www.afor.co.nz/about-us
✅ Working Link: https://www.afor.co.nz/contact-us
✅ Working Link: https://www.afor.co.nz/
✅ Working Link: https://www.afor.co.nz/services
✅ Working Link: https://www.afor.co.nz/blog
✅ Working Link: https://www.afor.co.nz/case-studies
✅ Working Link: https://www.afor.co.nz/framework
✅ Working Link: https://www.afor.co.nz/automation-roi
✅ Working Link: https://www.afor.co.nz/sustainability
✅ Working Link: https://www.afor.co.nz/about-us
✅ Working Link: https://www.afor.co.nz/contact-us
✅ Working Link: https://www.afor.co.nz/
✅ Working Link: https://www.afor.co.nz/all-services
✅ Working Link: https://www.afor.co.nz/ai-enhanced-test-automation
✅ Working Link: https://www.afor.co.nz/test-management-release-engineering
✅ Working Link: https://www.afor.co.nz/devops-platform-engineering
✅ Working Link: https://www.afor.co.nz/performance-load-testing
✅ Working Link: https://www.afor.co.nz/performance-load-testing
✅ Working Link: https://www.afor.co.nz/blog/test-automation-failure-enterprise
✅ Working Link: https://www.afor.co.nz/ai-enhanced-test-automation
✅ Working Link: https://www.afor.co.nz/test-management-release-engineering
✅ Working Link: https://www.afor.co.nz/devops-platform-engineering
✅ Working Link: https://www.afor.co.nz/all-services
✅ Working Link: https://www.afor.co.nz/automation-roi
✅ Working Link: mailto:info@afor.co.nz?
✅ Working Link: https://www.linkedin.com/company/afor
✅ Working Link: https://www.shoutandco.com/
✅ Working Link: https://www.afor.co.nz/all-services
✅ Working Link: https://www.afor.co.nz/framework
✅ Working Link: https://www.afor.co.nz/sustainability
✅ Working Link: https://www.afor.co.nz/case-studies
✅ Working Link: https://www.afor.co.nz/about-us
✅ Working Link: https://www.afor.co.nz/contact-us
✅ Working Link: https://www.afor.co.nz/terms-of-use
✅ Working Link: https://www.afor.co.nz/privacy-policy
✅ Working Link: mailto:sales@afor.co.nz?subject=Afor%20Customer%20Enquiry
]]></system-out>
    <system-err><![CDATA[SLF4J: Failed to load class "org.slf4j.impl.StaticLoggerBinder".
SLF4J: Defaulting to no-operation (NOP) logger implementation
SLF4J: See http://www.slf4j.org/codes.html#StaticLoggerBinder for further details.
Starting ChromeDriver 140.0.7339.207 (17230b545fd18b35aad49122e5af97a463bc7a9c-refs/branch-heads/7339@{#2364}) on port 41196
Only local connections are allowed.
Please see https://chromedriver.chromium.org/security-considerations for suggestions on keeping ChromeDriver safe.
ChromeDriver was started successfully on port 41196.
Sep 25, 2025 2:00:11 PM org.openqa.selenium.remote.ProtocolHandshake createSession
INFO: Detected dialect: W3C
]]></system-err>
  </testcase>
</testsuite>