<?xml version="1.0" encoding="UTF-8"?>
<!-- Generated by org.testng.reporters.JUnitReportReporter -->
<testsuite hostname="GPLG21QVT3" failures="0" tests="1" name="tests.BrokenLinksTest" time="21.452" errors="0" timestamp="2025-09-25T12:40:38 NZST" skipped="0">
  <testcase classname="tests.BrokenLinksTest" name="checkBrokenLinks" time="21.452"/>
</testsuite> <!-- tests.BrokenLinksTest -->
