<?xml version="1.0" encoding="UTF-8"?>
<!-- Generated by org.testng.reporters.JUnitReportReporter -->
<testsuite skipped="0" hostname="GPLG21QVT3" name="tests.BrokenLinksTest" tests="1" failures="0" timestamp="25 Sep 2025 02:00:32 GMT" time="20.222" errors="0">
  <testcase name="checkBrokenLinks" time="20.222" classname="tests.BrokenLinksTest"/>
</testsuite> <!-- tests.BrokenLinksTest -->
